# JRE version: OpenJDK Runtime Environment Temurin-21.0.8+9 (21.0.8+9) (build 21.0.8+9-LTS)
# Java VM: OpenJDK 64-Bit Server VM Temurin-21.0.8+9 (21.0.8+9-LTS, mixed mode, sharing, tiered, compressed oops, compressed class ptrs, parallel gc, windows-amd64)
GC Precious Log:
 CardTable entry size: 512
 CPUs: 12 total, 12 available
 Memory: 5996M
 Large Page Support: Disabled
 NUMA Support: Disabled
 Compressed Oops: Enabled (32-bit)
 Alignments: Space 512K, Generation 512K, Heap 2M
 Heap Min Capacity: 100M
 Heap Initial Capacity: 100M
 Heap Max Capacity: 2G
 Pre-touch: Disabled
 Parallel Workers: 10
Heap:
 PSYoungGen      total 2560K, used 530K [0x00000000d5580000, 0x00000000d5900000, 0x0000000100000000)
  eden space 2048K, 16% used [0x00000000d5580000,0x00000000d55d4948,0x00000000d5780000)
  from space 512K, 37% used [0x00000000d5800000,0x00000000d5830000,0x00000000d5880000)
  to   space 512K, 0% used [0x00000000d5880000,0x00000000d5880000,0x00000000d5900000)
 ParOldGen       total 292864K, used 292632K [0x0000000080000000, 0x0000000091e00000, 0x00000000d5580000)
  object space 292864K, 99% used [0x0000000080000000,0x0000000091dc6208,0x0000000091e00000)
 Metaspace       used 74996K, committed 76736K, reserved 1179648K
  class space    used 7824K, committed 8576K, reserved 1048576K
GC Heap History (20 events):
Event: 2300.125 GC heap before
{Heap before GC invocations=397 (full 3):
 PSYoungGen      total 2560K, used 2535K [0x00000000d5580000, 0x00000000d5c80000, 0x0000000100000000)
  eden space 2048K, 100% used [0x00000000d5580000,0x00000000d5780000,0x00000000d5780000)
  from space 512K, 95% used [0x00000000d5780000,0x00000000d57f9e18,0x00000000d5800000)
  to   space 2560K, 0% used [0x00000000d5a00000,0x00000000d5a00000,0x00000000d5c80000)
 ParOldGen       total 287744K, used 287723K [0x0000000080000000, 0x0000000091900000, 0x00000000d5580000)
  object space 287744K, 99% used [0x0000000080000000,0x00000000918fadc0,0x0000000091900000)
 Metaspace       used 74859K, committed 76608K, reserved 1179648K
  class space    used 7824K, committed 8576K, reserved 1048576K
}
Event: 2300.128 GC heap after
{Heap after GC invocations=397 (full 3):
 PSYoungGen      total 4608K, used 1984K [0x00000000d5580000, 0x00000000d5c80000, 0x0000000100000000)
  eden space 2048K, 0% used [0x00000000d5580000,0x00000000d5580000,0x00000000d5780000)
  from space 2560K, 77% used [0x00000000d5a00000,0x00000000d5bf0000,0x00000000d5c80000)
  to   space 2560K, 0% used [0x00000000d5780000,0x00000000d5780000,0x00000000d5a00000)
 ParOldGen       total 288256K, used 288186K [0x0000000080000000, 0x0000000091980000, 0x00000000d5580000)
  object space 288256K, 99% used [0x0000000080000000,0x000000009196ebd8,0x0000000091980000)
 Metaspace       used 74859K, committed 76608K, reserved 1179648K
  class space    used 7824K, committed 8576K, reserved 1048576K
}
Event: 2300.625 GC heap before
{Heap before GC invocations=398 (full 3):
 PSYoungGen      total 4608K, used 4032K [0x00000000d5580000, 0x00000000d5c80000, 0x0000000100000000)
  eden space 2048K, 100% used [0x00000000d5580000,0x00000000d5780000,0x00000000d5780000)
  from space 2560K, 77% used [0x00000000d5a00000,0x00000000d5bf0000,0x00000000d5c80000)
  to   space 2560K, 0% used [0x00000000d5780000,0x00000000d5780000,0x00000000d5a00000)
 ParOldGen       total 288256K, used 288186K [0x0000000080000000, 0x0000000091980000, 0x00000000d5580000)
  object space 288256K, 99% used [0x0000000080000000,0x000000009196ebd8,0x0000000091980000)
 Metaspace       used 74867K, committed 76608K, reserved 1179648K
  class space    used 7824K, committed 8576K, reserved 1048576K
}
Event: 2300.629 GC heap after
{Heap after GC invocations=398 (full 3):
 PSYoungGen      total 2560K, used 500K [0x00000000d5580000, 0x00000000d5a80000, 0x0000000100000000)
  eden space 2048K, 0% used [0x00000000d5580000,0x00000000d5580000,0x00000000d5780000)
  from space 512K, 97% used [0x00000000d5780000,0x00000000d57fd200,0x00000000d5800000)
  to   space 1536K, 0% used [0x00000000d5900000,0x00000000d5900000,0x00000000d5a80000)
 ParOldGen       total 290304K, used 290090K [0x0000000080000000, 0x0000000091b80000, 0x00000000d5580000)
  object space 290304K, 99% used [0x0000000080000000,0x0000000091b4abd8,0x0000000091b80000)
 Metaspace       used 74867K, committed 76608K, reserved 1179648K
  class space    used 7824K, committed 8576K, reserved 1048576K
}
Event: 2300.634 GC heap before
{Heap before GC invocations=399 (full 3):
 PSYoungGen      total 2560K, used 2548K [0x00000000d5580000, 0x00000000d5a80000, 0x0000000100000000)
  eden space 2048K, 100% used [0x00000000d5580000,0x00000000d5780000,0x00000000d5780000)
  from space 512K, 97% used [0x00000000d5780000,0x00000000d57fd200,0x00000000d5800000)
  to   space 1536K, 0% used [0x00000000d5900000,0x00000000d5900000,0x00000000d5a80000)
 ParOldGen       total 290304K, used 290090K [0x0000000080000000, 0x0000000091b80000, 0x00000000d5580000)
  object space 290304K, 99% used [0x0000000080000000,0x0000000091b4abd8,0x0000000091b80000)
 Metaspace       used 74871K, committed 76608K, reserved 1179648K
  class space    used 7824K, committed 8576K, reserved 1048576K
}
Event: 2300.637 GC heap after
{Heap after GC invocations=399 (full 3):
 PSYoungGen      total 2560K, used 480K [0x00000000d5580000, 0x00000000d5980000, 0x0000000100000000)
  eden space 2048K, 0% used [0x00000000d5580000,0x00000000d5580000,0x00000000d5780000)
  from space 512K, 93% used [0x00000000d5900000,0x00000000d5978000,0x00000000d5980000)
  to   space 1024K, 0% used [0x00000000d5780000,0x00000000d5780000,0x00000000d5880000)
 ParOldGen       total 290816K, used 290471K [0x0000000080000000, 0x0000000091c00000, 0x00000000d5580000)
  object space 290816K, 99% used [0x0000000080000000,0x0000000091ba9de8,0x0000000091c00000)
 Metaspace       used 74871K, committed 76608K, reserved 1179648K
  class space    used 7824K, committed 8576K, reserved 1048576K
}
Event: 2300.647 GC heap before
{Heap before GC invocations=400 (full 3):
 PSYoungGen      total 2560K, used 2528K [0x00000000d5580000, 0x00000000d5980000, 0x0000000100000000)
  eden space 2048K, 100% used [0x00000000d5580000,0x00000000d5780000,0x00000000d5780000)
  from space 512K, 93% used [0x00000000d5900000,0x00000000d5978000,0x00000000d5980000)
  to   space 1024K, 0% used [0x00000000d5780000,0x00000000d5780000,0x00000000d5880000)
 ParOldGen       total 290816K, used 290471K [0x0000000080000000, 0x0000000091c00000, 0x00000000d5580000)
  object space 290816K, 99% used [0x0000000080000000,0x0000000091ba9de8,0x0000000091c00000)
 Metaspace       used 74877K, committed 76608K, reserved 1179648K
  class space    used 7824K, committed 8576K, reserved 1048576K
}
Event: 2300.649 GC heap after
{Heap after GC invocations=400 (full 3):
 PSYoungGen      total 3072K, used 352K [0x00000000d5580000, 0x00000000d5980000, 0x0000000100000000)
  eden space 2048K, 0% used [0x00000000d5580000,0x00000000d5580000,0x00000000d5780000)
  from space 1024K, 34% used [0x00000000d5780000,0x00000000d57d8000,0x00000000d5880000)
  to   space 512K, 0% used [0x00000000d5900000,0x00000000d5900000,0x00000000d5980000)
 ParOldGen       total 291328K, used 290823K [0x0000000080000000, 0x0000000091c80000, 0x00000000d5580000)
  object space 291328K, 99% used [0x0000000080000000,0x0000000091c01de8,0x0000000091c80000)
 Metaspace       used 74877K, committed 76608K, reserved 1179648K
  class space    used 7824K, committed 8576K, reserved 1048576K
}
Event: 2300.682 GC heap before
{Heap before GC invocations=401 (full 3):
 PSYoungGen      total 3072K, used 2400K [0x00000000d5580000, 0x00000000d5980000, 0x0000000100000000)
  eden space 2048K, 100% used [0x00000000d5580000,0x00000000d5780000,0x00000000d5780000)
  from space 1024K, 34% used [0x00000000d5780000,0x00000000d57d8000,0x00000000d5880000)
  to   space 512K, 0% used [0x00000000d5900000,0x00000000d5900000,0x00000000d5980000)
 ParOldGen       total 291328K, used 290823K [0x0000000080000000, 0x0000000091c80000, 0x00000000d5580000)
  object space 291328K, 99% used [0x0000000080000000,0x0000000091c01de8,0x0000000091c80000)
 Metaspace       used 74907K, committed 76608K, reserved 1179648K
  class space    used 7824K, committed 8576K, reserved 1048576K
}
Event: 2300.684 GC heap after
{Heap after GC invocations=401 (full 3):
 PSYoungGen      total 2560K, used 500K [0x00000000d5580000, 0x00000000d5980000, 0x0000000100000000)
  eden space 2048K, 0% used [0x00000000d5580000,0x00000000d5580000,0x00000000d5780000)
  from space 512K, 97% used [0x00000000d5900000,0x00000000d597d200,0x00000000d5980000)
  to   space 1024K, 0% used [0x00000000d5780000,0x00000000d5780000,0x00000000d5880000)
 ParOldGen       total 291328K, used 291079K [0x0000000080000000, 0x0000000091c80000, 0x00000000d5580000)
  object space 291328K, 99% used [0x0000000080000000,0x0000000091c41e08,0x0000000091c80000)
 Metaspace       used 74907K, committed 76608K, reserved 1179648K
  class space    used 7824K, committed 8576K, reserved 1048576K
}
Event: 2300.695 GC heap before
{Heap before GC invocations=402 (full 3):
 PSYoungGen      total 2560K, used 2548K [0x00000000d5580000, 0x00000000d5980000, 0x0000000100000000)
  eden space 2048K, 100% used [0x00000000d5580000,0x00000000d5780000,0x00000000d5780000)
  from space 512K, 97% used [0x00000000d5900000,0x00000000d597d200,0x00000000d5980000)
  to   space 1024K, 0% used [0x00000000d5780000,0x00000000d5780000,0x00000000d5880000)
 ParOldGen       total 291328K, used 291079K [0x0000000080000000, 0x0000000091c80000, 0x00000000d5580000)
  object space 291328K, 99% used [0x0000000080000000,0x0000000091c41e08,0x0000000091c80000)
 Metaspace       used 74907K, committed 76608K, reserved 1179648K
  class space    used 7824K, committed 8576K, reserved 1048576K
}
Event: 2300.696 GC heap after
{Heap after GC invocations=402 (full 3):
 PSYoungGen      total 3072K, used 240K [0x00000000d5580000, 0x00000000d5980000, 0x0000000100000000)
  eden space 2048K, 0% used [0x00000000d5580000,0x00000000d5580000,0x00000000d5780000)
  from space 1024K, 23% used [0x00000000d5780000,0x00000000d57bc010,0x00000000d5880000)
  to   space 512K, 0% used [0x00000000d5900000,0x00000000d5900000,0x00000000d5980000)
 ParOldGen       total 291840K, used 291508K [0x0000000080000000, 0x0000000091d00000, 0x00000000d5580000)
  object space 291840K, 99% used [0x0000000080000000,0x0000000091cad318,0x0000000091d00000)
 Metaspace       used 74907K, committed 76608K, reserved 1179648K
  class space    used 7824K, committed 8576K, reserved 1048576K
}
Event: 2300.702 GC heap before
{Heap before GC invocations=403 (full 3):
 PSYoungGen      total 3072K, used 2288K [0x00000000d5580000, 0x00000000d5980000, 0x0000000100000000)
  eden space 2048K, 100% used [0x00000000d5580000,0x00000000d5780000,0x00000000d5780000)
  from space 1024K, 23% used [0x00000000d5780000,0x00000000d57bc010,0x00000000d5880000)
  to   space 512K, 0% used [0x00000000d5900000,0x00000000d5900000,0x00000000d5980000)
 ParOldGen       total 291840K, used 291508K [0x0000000080000000, 0x0000000091d00000, 0x00000000d5580000)
  object space 291840K, 99% used [0x0000000080000000,0x0000000091cad318,0x0000000091d00000)
 Metaspace       used 74907K, committed 76608K, reserved 1179648K
  class space    used 7824K, committed 8576K, reserved 1048576K
}
Event: 2300.704 GC heap after
{Heap after GC invocations=403 (full 3):
 PSYoungGen      total 2560K, used 480K [0x00000000d5580000, 0x00000000d5980000, 0x0000000100000000)
  eden space 2048K, 0% used [0x00000000d5580000,0x00000000d5580000,0x00000000d5780000)
  from space 512K, 93% used [0x00000000d5900000,0x00000000d5978000,0x00000000d5980000)
  to   space 1024K, 0% used [0x00000000d5780000,0x00000000d5780000,0x00000000d5880000)
 ParOldGen       total 291840K, used 291724K [0x0000000080000000, 0x0000000091d00000, 0x00000000d5580000)
  object space 291840K, 99% used [0x0000000080000000,0x0000000091ce3348,0x0000000091d00000)
 Metaspace       used 74907K, committed 76608K, reserved 1179648K
  class space    used 7824K, committed 8576K, reserved 1048576K
}
Event: 2300.726 GC heap before
{Heap before GC invocations=404 (full 3):
 PSYoungGen      total 2560K, used 2528K [0x00000000d5580000, 0x00000000d5980000, 0x0000000100000000)
  eden space 2048K, 100% used [0x00000000d5580000,0x00000000d5780000,0x00000000d5780000)
  from space 512K, 93% used [0x00000000d5900000,0x00000000d5978000,0x00000000d5980000)
  to   space 1024K, 0% used [0x00000000d5780000,0x00000000d5780000,0x00000000d5880000)
 ParOldGen       total 291840K, used 291724K [0x0000000080000000, 0x0000000091d00000, 0x00000000d5580000)
  object space 291840K, 99% used [0x0000000080000000,0x0000000091ce3348,0x0000000091d00000)
 Metaspace       used 74937K, committed 76672K, reserved 1179648K
  class space    used 7824K, committed 8576K, reserved 1048576K
}
Event: 2300.729 GC heap after
{Heap after GC invocations=404 (full 3):
 PSYoungGen      total 3072K, used 592K [0x00000000d5580000, 0x00000000d5980000, 0x0000000100000000)
  eden space 2048K, 0% used [0x00000000d5580000,0x00000000d5580000,0x00000000d5780000)
  from space 1024K, 57% used [0x00000000d5780000,0x00000000d5814010,0x00000000d5880000)
  to   space 1024K, 0% used [0x00000000d5880000,0x00000000d5880000,0x00000000d5980000)
 ParOldGen       total 292352K, used 292084K [0x0000000080000000, 0x0000000091d80000, 0x00000000d5580000)
  object space 292352K, 99% used [0x0000000080000000,0x0000000091d3d348,0x0000000091d80000)
 Metaspace       used 74937K, committed 76672K, reserved 1179648K
  class space    used 7824K, committed 8576K, reserved 1048576K
}
Event: 2311.833 GC heap before
{Heap before GC invocations=405 (full 3):
 PSYoungGen      total 3072K, used 2640K [0x00000000d5580000, 0x00000000d5980000, 0x0000000100000000)
  eden space 2048K, 100% used [0x00000000d5580000,0x00000000d5780000,0x00000000d5780000)
  from space 1024K, 57% used [0x00000000d5780000,0x00000000d5814010,0x00000000d5880000)
  to   space 1024K, 0% used [0x00000000d5880000,0x00000000d5880000,0x00000000d5980000)
 ParOldGen       total 292352K, used 292084K [0x0000000080000000, 0x0000000091d80000, 0x00000000d5580000)
  object space 292352K, 99% used [0x0000000080000000,0x0000000091d3d348,0x0000000091d80000)
 Metaspace       used 74969K, committed 76672K, reserved 1179648K
  class space    used 7824K, committed 8576K, reserved 1048576K
}
Event: 2311.839 GC heap after
{Heap after GC invocations=405 (full 3):
 PSYoungGen      total 2560K, used 340K [0x00000000d5580000, 0x00000000d5900000, 0x0000000100000000)
  eden space 2048K, 0% used [0x00000000d5580000,0x00000000d5580000,0x00000000d5780000)
  from space 512K, 66% used [0x00000000d5880000,0x00000000d58d5200,0x00000000d5900000)
  to   space 512K, 0% used [0x00000000d5800000,0x00000000d5800000,0x00000000d5880000)
 ParOldGen       total 292864K, used 292492K [0x0000000080000000, 0x0000000091e00000, 0x00000000d5580000)
  object space 292864K, 99% used [0x0000000080000000,0x0000000091da3368,0x0000000091e00000)
 Metaspace       used 74969K, committed 76672K, reserved 1179648K
  class space    used 7824K, committed 8576K, reserved 1048576K
}
Event: 2315.683 GC heap before
{Heap before GC invocations=406 (full 3):
 PSYoungGen      total 2560K, used 2388K [0x00000000d5580000, 0x00000000d5900000, 0x0000000100000000)
  eden space 2048K, 100% used [0x00000000d5580000,0x00000000d5780000,0x00000000d5780000)
  from space 512K, 66% used [0x00000000d5880000,0x00000000d58d5200,0x00000000d5900000)
  to   space 512K, 0% used [0x00000000d5800000,0x00000000d5800000,0x00000000d5880000)
 ParOldGen       total 292864K, used 292492K [0x0000000080000000, 0x0000000091e00000, 0x00000000d5580000)
  object space 292864K, 99% used [0x0000000080000000,0x0000000091da3368,0x0000000091e00000)
 Metaspace       used 74973K, committed 76736K, reserved 1179648K
  class space    used 7824K, committed 8576K, reserved 1048576K
}
Event: 2315.685 GC heap after
{Heap after GC invocations=406 (full 3):
 PSYoungGen      total 2560K, used 192K [0x00000000d5580000, 0x00000000d5900000, 0x0000000100000000)
  eden space 2048K, 0% used [0x00000000d5580000,0x00000000d5580000,0x00000000d5780000)
  from space 512K, 37% used [0x00000000d5800000,0x00000000d5830000,0x00000000d5880000)
  to   space 512K, 0% used [0x00000000d5880000,0x00000000d5880000,0x00000000d5900000)
 ParOldGen       total 292864K, used 292632K [0x0000000080000000, 0x0000000091e00000, 0x00000000d5580000)
  object space 292864K, 99% used [0x0000000080000000,0x0000000091dc6208,0x0000000091e00000)
 Metaspace       used 74973K, committed 76736K, reserved 1179648K
  class space    used 7824K, committed 8576K, reserved 1048576K
}

