# JRE version: OpenJDK Runtime Environment Temurin-21.0.8+9 (21.0.8+9) (build 21.0.8+9-LTS)
# Java VM: OpenJDK 64-Bit Server VM Temurin-21.0.8+9 (21.0.8+9-LTS, mixed mode, sharing, tiered, compressed oops, compressed class ptrs, parallel gc, windows-amd64)
GC Precious Log:
 CardTable entry size: 512
 CPUs: 12 total, 12 available
 Memory: 5996M
 Large Page Support: Disabled
 NUMA Support: Disabled
 Compressed Oops: Enabled (32-bit)
 Alignments: Space 512K, Generation 512K, Heap 2M
 Heap Min Capacity: 100M
 Heap Initial Capacity: 100M
 Heap Max Capacity: 2G
 Pre-touch: Disabled
 Parallel Workers: 10
Heap:
 PSYoungGen      total 8192K, used 3922K [0x00000000d5580000, 0x00000000d6080000, 0x0000000100000000)
  eden space 7168K, 40% used [0x00000000d5580000,0x00000000d5857768,0x00000000d5c80000)
  from space 1024K, 98% used [0x00000000d5d80000,0x00000000d5e7d200,0x00000000d5e80000)
  to   space 2048K, 0% used [0x00000000d5e80000,0x00000000d5e80000,0x00000000d6080000)
 ParOldGen       total 210944K, used 210640K [0x0000000080000000, 0x000000008ce00000, 0x00000000d5580000)
  object space 210944K, 99% used [0x0000000080000000,0x000000008cdb4070,0x000000008ce00000)
 Metaspace       used 73242K, committed 74752K, reserved 1179648K
  class space    used 7777K, committed 8448K, reserved 1048576K
GC Heap History (20 events):
Event: 151.744 GC heap before
{Heap before GC invocations=139 (full 3):
 PSYoungGen      total 10752K, used 10324K [0x00000000d5580000, 0x00000000d6300000, 0x0000000100000000)
  eden space 9216K, 100% used [0x00000000d5580000,0x00000000d5e80000,0x00000000d5e80000)
  from space 1536K, 72% used [0x00000000d5f80000,0x00000000d6095200,0x00000000d6100000)
  to   space 2048K, 0% used [0x00000000d6100000,0x00000000d6100000,0x00000000d6300000)
 ParOldGen       total 205824K, used 205494K [0x0000000080000000, 0x000000008c900000, 0x00000000d5580000)
  object space 205824K, 99% used [0x0000000080000000,0x000000008c8ad808,0x000000008c900000)
 Metaspace       used 72622K, committed 74176K, reserved 1179648K
  class space    used 7762K, committed 8448K, reserved 1048576K
}
Event: 151.749 GC heap after
{Heap after GC invocations=139 (full 3):
 PSYoungGen      total 9216K, used 2031K [0x00000000d5580000, 0x00000000d6780000, 0x0000000100000000)
  eden space 7168K, 0% used [0x00000000d5580000,0x00000000d5580000,0x00000000d5c80000)
  from space 2048K, 99% used [0x00000000d6100000,0x00000000d62fbc30,0x00000000d6300000)
  to   space 4608K, 0% used [0x00000000d5c80000,0x00000000d5c80000,0x00000000d6100000)
 ParOldGen       total 207872K, used 207394K [0x0000000080000000, 0x000000008cb00000, 0x00000000d5580000)
  object space 207872K, 99% used [0x0000000080000000,0x000000008ca88960,0x000000008cb00000)
 Metaspace       used 72622K, committed 74176K, reserved 1179648K
  class space    used 7762K, committed 8448K, reserved 1048576K
}
Event: 151.790 GC heap before
{Heap before GC invocations=140 (full 3):
 PSYoungGen      total 9216K, used 9199K [0x00000000d5580000, 0x00000000d6780000, 0x0000000100000000)
  eden space 7168K, 99% used [0x00000000d5580000,0x00000000d5c7ffe0,0x00000000d5c80000)
  from space 2048K, 99% used [0x00000000d6100000,0x00000000d62fbc30,0x00000000d6300000)
  to   space 4608K, 0% used [0x00000000d5c80000,0x00000000d5c80000,0x00000000d6100000)
 ParOldGen       total 207872K, used 207394K [0x0000000080000000, 0x000000008cb00000, 0x00000000d5580000)
  object space 207872K, 99% used [0x0000000080000000,0x000000008ca88960,0x000000008cb00000)
 Metaspace       used 72668K, committed 74240K, reserved 1179648K
  class space    used 7764K, committed 8448K, reserved 1048576K
}
Event: 151.792 GC heap after
{Heap after GC invocations=140 (full 3):
 PSYoungGen      total 9728K, used 2415K [0x00000000d5580000, 0x00000000d6280000, 0x0000000100000000)
  eden space 7168K, 0% used [0x00000000d5580000,0x00000000d5580000,0x00000000d5c80000)
  from space 2560K, 94% used [0x00000000d5c80000,0x00000000d5edbc30,0x00000000d5f00000)
  to   space 3072K, 0% used [0x00000000d5f80000,0x00000000d5f80000,0x00000000d6280000)
 ParOldGen       total 208384K, used 207970K [0x0000000080000000, 0x000000008cb80000, 0x00000000d5580000)
  object space 208384K, 99% used [0x0000000080000000,0x000000008cb18980,0x000000008cb80000)
 Metaspace       used 72668K, committed 74240K, reserved 1179648K
  class space    used 7764K, committed 8448K, reserved 1048576K
}
Event: 3542.450 GC heap before
{Heap before GC invocations=141 (full 3):
 PSYoungGen      total 9728K, used 9583K [0x00000000d5580000, 0x00000000d6280000, 0x0000000100000000)
  eden space 7168K, 100% used [0x00000000d5580000,0x00000000d5c80000,0x00000000d5c80000)
  from space 2560K, 94% used [0x00000000d5c80000,0x00000000d5edbc30,0x00000000d5f00000)
  to   space 3072K, 0% used [0x00000000d5f80000,0x00000000d5f80000,0x00000000d6280000)
 ParOldGen       total 208384K, used 207970K [0x0000000080000000, 0x000000008cb80000, 0x00000000d5580000)
  object space 208384K, 99% used [0x0000000080000000,0x000000008cb18980,0x000000008cb80000)
 Metaspace       used 72764K, committed 74368K, reserved 1179648K
  class space    used 7765K, committed 8448K, reserved 1048576K
}
Event: 3542.520 GC heap after
{Heap after GC invocations=141 (full 3):
 PSYoungGen      total 8192K, used 746K [0x00000000d5580000, 0x00000000d6080000, 0x0000000100000000)
  eden space 7168K, 0% used [0x00000000d5580000,0x00000000d5580000,0x00000000d5c80000)
  from space 1024K, 72% used [0x00000000d5f80000,0x00000000d603a930,0x00000000d6080000)
  to   space 1536K, 0% used [0x00000000d5d80000,0x00000000d5d80000,0x00000000d5f00000)
 ParOldGen       total 208384K, used 208018K [0x0000000080000000, 0x000000008cb80000, 0x00000000d5580000)
  object space 208384K, 99% used [0x0000000080000000,0x000000008cb24980,0x000000008cb80000)
 Metaspace       used 72764K, committed 74368K, reserved 1179648K
  class space    used 7765K, committed 8448K, reserved 1048576K
}
Event: 3543.142 GC heap before
{Heap before GC invocations=142 (full 3):
 PSYoungGen      total 8192K, used 7914K [0x00000000d5580000, 0x00000000d6080000, 0x0000000100000000)
  eden space 7168K, 100% used [0x00000000d5580000,0x00000000d5c80000,0x00000000d5c80000)
  from space 1024K, 72% used [0x00000000d5f80000,0x00000000d603a930,0x00000000d6080000)
  to   space 1536K, 0% used [0x00000000d5d80000,0x00000000d5d80000,0x00000000d5f00000)
 ParOldGen       total 208384K, used 208018K [0x0000000080000000, 0x000000008cb80000, 0x00000000d5580000)
  object space 208384K, 99% used [0x0000000080000000,0x000000008cb24980,0x000000008cb80000)
 Metaspace       used 72924K, committed 74496K, reserved 1179648K
  class space    used 7768K, committed 8448K, reserved 1048576K
}
Event: 3543.152 GC heap after
{Heap after GC invocations=142 (full 3):
 PSYoungGen      total 8704K, used 708K [0x00000000d5580000, 0x00000000d6000000, 0x0000000100000000)
  eden space 7168K, 0% used [0x00000000d5580000,0x00000000d5580000,0x00000000d5c80000)
  from space 1536K, 46% used [0x00000000d5d80000,0x00000000d5e31230,0x00000000d5f00000)
  to   space 1024K, 0% used [0x00000000d5f00000,0x00000000d5f00000,0x00000000d6000000)
 ParOldGen       total 208384K, used 208154K [0x0000000080000000, 0x000000008cb80000, 0x00000000d5580000)
  object space 208384K, 99% used [0x0000000080000000,0x000000008cb469a0,0x000000008cb80000)
 Metaspace       used 72924K, committed 74496K, reserved 1179648K
  class space    used 7768K, committed 8448K, reserved 1048576K
}
Event: 3543.209 GC heap before
{Heap before GC invocations=143 (full 3):
 PSYoungGen      total 8704K, used 7876K [0x00000000d5580000, 0x00000000d6000000, 0x0000000100000000)
  eden space 7168K, 100% used [0x00000000d5580000,0x00000000d5c80000,0x00000000d5c80000)
  from space 1536K, 46% used [0x00000000d5d80000,0x00000000d5e31230,0x00000000d5f00000)
  to   space 1024K, 0% used [0x00000000d5f00000,0x00000000d5f00000,0x00000000d6000000)
 ParOldGen       total 208384K, used 208154K [0x0000000080000000, 0x000000008cb80000, 0x00000000d5580000)
  object space 208384K, 99% used [0x0000000080000000,0x000000008cb469a0,0x000000008cb80000)
 Metaspace       used 72963K, committed 74496K, reserved 1179648K
  class space    used 7769K, committed 8448K, reserved 1048576K
}
Event: 3543.212 GC heap after
{Heap after GC invocations=143 (full 3):
 PSYoungGen      total 8192K, used 1012K [0x00000000d5580000, 0x00000000d6000000, 0x0000000100000000)
  eden space 7168K, 0% used [0x00000000d5580000,0x00000000d5580000,0x00000000d5c80000)
  from space 1024K, 98% used [0x00000000d5f00000,0x00000000d5ffd200,0x00000000d6000000)
  to   space 1536K, 0% used [0x00000000d5d00000,0x00000000d5d00000,0x00000000d5e80000)
 ParOldGen       total 208896K, used 208646K [0x0000000080000000, 0x000000008cc00000, 0x00000000d5580000)
  object space 208896K, 99% used [0x0000000080000000,0x000000008cbc1bd0,0x000000008cc00000)
 Metaspace       used 72963K, committed 74496K, reserved 1179648K
  class space    used 7769K, committed 8448K, reserved 1048576K
}
Event: 3543.648 GC heap before
{Heap before GC invocations=144 (full 3):
 PSYoungGen      total 8192K, used 8180K [0x00000000d5580000, 0x00000000d6000000, 0x0000000100000000)
  eden space 7168K, 100% used [0x00000000d5580000,0x00000000d5c80000,0x00000000d5c80000)
  from space 1024K, 98% used [0x00000000d5f00000,0x00000000d5ffd200,0x00000000d6000000)
  to   space 1536K, 0% used [0x00000000d5d00000,0x00000000d5d00000,0x00000000d5e80000)
 ParOldGen       total 208896K, used 208646K [0x0000000080000000, 0x000000008cc00000, 0x00000000d5580000)
  object space 208896K, 99% used [0x0000000080000000,0x000000008cbc1bd0,0x000000008cc00000)
 Metaspace       used 73002K, committed 74560K, reserved 1179648K
  class space    used 7770K, committed 8448K, reserved 1048576K
}
Event: 3543.650 GC heap after
{Heap after GC invocations=144 (full 3):
 PSYoungGen      total 8704K, used 784K [0x00000000d5580000, 0x00000000d5f80000, 0x0000000100000000)
  eden space 7168K, 0% used [0x00000000d5580000,0x00000000d5580000,0x00000000d5c80000)
  from space 1536K, 51% used [0x00000000d5d00000,0x00000000d5dc4050,0x00000000d5e80000)
  to   space 1024K, 0% used [0x00000000d5e80000,0x00000000d5e80000,0x00000000d5f80000)
 ParOldGen       total 209408K, used 209054K [0x0000000080000000, 0x000000008cc80000, 0x00000000d5580000)
  object space 209408K, 99% used [0x0000000080000000,0x000000008cc27bf0,0x000000008cc80000)
 Metaspace       used 73002K, committed 74560K, reserved 1179648K
  class space    used 7770K, committed 8448K, reserved 1048576K
}
Event: 3543.954 GC heap before
{Heap before GC invocations=145 (full 3):
 PSYoungGen      total 8704K, used 7952K [0x00000000d5580000, 0x00000000d5f80000, 0x0000000100000000)
  eden space 7168K, 100% used [0x00000000d5580000,0x00000000d5c80000,0x00000000d5c80000)
  from space 1536K, 51% used [0x00000000d5d00000,0x00000000d5dc4050,0x00000000d5e80000)
  to   space 1024K, 0% used [0x00000000d5e80000,0x00000000d5e80000,0x00000000d5f80000)
 ParOldGen       total 209408K, used 209054K [0x0000000080000000, 0x000000008cc80000, 0x00000000d5580000)
  object space 209408K, 99% used [0x0000000080000000,0x000000008cc27bf0,0x000000008cc80000)
 Metaspace       used 73074K, committed 74624K, reserved 1179648K
  class space    used 7773K, committed 8448K, reserved 1048576K
}
Event: 3543.957 GC heap after
{Heap after GC invocations=145 (full 3):
 PSYoungGen      total 8192K, used 660K [0x00000000d5580000, 0x00000000d5f80000, 0x0000000100000000)
  eden space 7168K, 0% used [0x00000000d5580000,0x00000000d5580000,0x00000000d5c80000)
  from space 1024K, 64% used [0x00000000d5e80000,0x00000000d5f25200,0x00000000d5f80000)
  to   space 1024K, 0% used [0x00000000d5d80000,0x00000000d5d80000,0x00000000d5e80000)
 ParOldGen       total 209408K, used 209295K [0x0000000080000000, 0x000000008cc80000, 0x00000000d5580000)
  object space 209408K, 99% used [0x0000000080000000,0x000000008cc63c30,0x000000008cc80000)
 Metaspace       used 73074K, committed 74624K, reserved 1179648K
  class space    used 7773K, committed 8448K, reserved 1048576K
}
Event: 3544.004 GC heap before
{Heap before GC invocations=146 (full 3):
 PSYoungGen      total 8192K, used 7828K [0x00000000d5580000, 0x00000000d5f80000, 0x0000000100000000)
  eden space 7168K, 100% used [0x00000000d5580000,0x00000000d5c80000,0x00000000d5c80000)
  from space 1024K, 64% used [0x00000000d5e80000,0x00000000d5f25200,0x00000000d5f80000)
  to   space 1024K, 0% used [0x00000000d5d80000,0x00000000d5d80000,0x00000000d5e80000)
 ParOldGen       total 209408K, used 209295K [0x0000000080000000, 0x000000008cc80000, 0x00000000d5580000)
  object space 209408K, 99% used [0x0000000080000000,0x000000008cc63c30,0x000000008cc80000)
 Metaspace       used 73106K, committed 74624K, reserved 1179648K
  class space    used 7774K, committed 8448K, reserved 1048576K
}
Event: 3544.007 GC heap after
{Heap after GC invocations=146 (full 3):
 PSYoungGen      total 8192K, used 1002K [0x00000000d5580000, 0x00000000d6080000, 0x0000000100000000)
  eden space 7168K, 0% used [0x00000000d5580000,0x00000000d5580000,0x00000000d5c80000)
  from space 1024K, 97% used [0x00000000d5d80000,0x00000000d5e7a910,0x00000000d5e80000)
  to   space 2048K, 0% used [0x00000000d5e80000,0x00000000d5e80000,0x00000000d6080000)
 ParOldGen       total 209920K, used 209739K [0x0000000080000000, 0x000000008cd00000, 0x00000000d5580000)
  object space 209920K, 99% used [0x0000000080000000,0x000000008ccd2e40,0x000000008cd00000)
 Metaspace       used 73106K, committed 74624K, reserved 1179648K
  class space    used 7774K, committed 8448K, reserved 1048576K
}
Event: 3544.268 GC heap before
{Heap before GC invocations=147 (full 3):
 PSYoungGen      total 8192K, used 8170K [0x00000000d5580000, 0x00000000d6080000, 0x0000000100000000)
  eden space 7168K, 100% used [0x00000000d5580000,0x00000000d5c80000,0x00000000d5c80000)
  from space 1024K, 97% used [0x00000000d5d80000,0x00000000d5e7a910,0x00000000d5e80000)
  to   space 2048K, 0% used [0x00000000d5e80000,0x00000000d5e80000,0x00000000d6080000)
 ParOldGen       total 209920K, used 209739K [0x0000000080000000, 0x000000008cd00000, 0x00000000d5580000)
  object space 209920K, 99% used [0x0000000080000000,0x000000008ccd2e40,0x000000008cd00000)
 Metaspace       used 73149K, committed 74688K, reserved 1179648K
  class space    used 7774K, committed 8448K, reserved 1048576K
}
Event: 3544.270 GC heap after
{Heap after GC invocations=147 (full 3):
 PSYoungGen      total 8192K, used 692K [0x00000000d5580000, 0x00000000d5f80000, 0x0000000100000000)
  eden space 7168K, 0% used [0x00000000d5580000,0x00000000d5580000,0x00000000d5c80000)
  from space 1024K, 67% used [0x00000000d5e80000,0x00000000d5f2d200,0x00000000d5f80000)
  to   space 1024K, 0% used [0x00000000d5d80000,0x00000000d5d80000,0x00000000d5e80000)
 ParOldGen       total 210432K, used 210131K [0x0000000080000000, 0x000000008cd80000, 0x00000000d5580000)
  object space 210432K, 99% used [0x0000000080000000,0x000000008cd34e60,0x000000008cd80000)
 Metaspace       used 73149K, committed 74688K, reserved 1179648K
  class space    used 7774K, committed 8448K, reserved 1048576K
}
Event: 3544.321 GC heap before
{Heap before GC invocations=148 (full 3):
 PSYoungGen      total 8192K, used 7860K [0x00000000d5580000, 0x00000000d5f80000, 0x0000000100000000)
  eden space 7168K, 100% used [0x00000000d5580000,0x00000000d5c80000,0x00000000d5c80000)
  from space 1024K, 67% used [0x00000000d5e80000,0x00000000d5f2d200,0x00000000d5f80000)
  to   space 1024K, 0% used [0x00000000d5d80000,0x00000000d5d80000,0x00000000d5e80000)
 ParOldGen       total 210432K, used 210131K [0x0000000080000000, 0x000000008cd80000, 0x00000000d5580000)
  object space 210432K, 99% used [0x0000000080000000,0x000000008cd34e60,0x000000008cd80000)
 Metaspace       used 73196K, committed 74688K, reserved 1179648K
  class space    used 7776K, committed 8448K, reserved 1048576K
}
Event: 3544.322 GC heap after
{Heap after GC invocations=148 (full 3):
 PSYoungGen      total 8192K, used 1012K [0x00000000d5580000, 0x00000000d6080000, 0x0000000100000000)
  eden space 7168K, 0% used [0x00000000d5580000,0x00000000d5580000,0x00000000d5c80000)
  from space 1024K, 98% used [0x00000000d5d80000,0x00000000d5e7d200,0x00000000d5e80000)
  to   space 2048K, 0% used [0x00000000d5e80000,0x00000000d5e80000,0x00000000d6080000)
 ParOldGen       total 210944K, used 210640K [0x0000000080000000, 0x000000008ce00000, 0x00000000d5580000)
  object space 210944K, 99% used [0x0000000080000000,0x000000008cdb4070,0x000000008ce00000)
 Metaspace       used 73196K, committed 74688K, reserved 1179648K
  class space    used 7776K, committed 8448K, reserved 1048576K
}

